

Started GET "/" for 127.0.0.1 at 2013-10-02 15:52:54 -0700

Gem::LoadError (Specified 'sqlite3' for database adapter, but the gem is not loaded. Add `gem 'sqlite3'` to your Gemfile.):
  activerecord (4.0.0) lib/active_record/connection_adapters/connection_specification.rb:58:in `rescue in resolve_hash_connection'
  activerecord (4.0.0) lib/active_record/connection_adapters/connection_specification.rb:55:in `resolve_hash_connection'
  activerecord (4.0.0) lib/active_record/connection_adapters/connection_specification.rb:46:in `resolve_string_connection'
  activerecord (4.0.0) lib/active_record/connection_adapters/connection_specification.rb:30:in `spec'
  activerecord (4.0.0) lib/active_record/connection_handling.rb:39:in `establish_connection'
  activerecord (4.0.0) lib/active_record/railtie.rb:175:in `block (2 levels) in <class:Railtie>'
  activesupport (4.0.0) lib/active_support/lazy_load_hooks.rb:38:in `instance_eval'
  activesupport (4.0.0) lib/active_support/lazy_load_hooks.rb:38:in `execute_hook'
  activesupport (4.0.0) lib/active_support/lazy_load_hooks.rb:45:in `block in run_load_hooks'
  activesupport (4.0.0) lib/active_support/lazy_load_hooks.rb:44:in `each'
  activesupport (4.0.0) lib/active_support/lazy_load_hooks.rb:44:in `run_load_hooks'
  activerecord (4.0.0) lib/active_record/base.rb:322:in `<module:ActiveRecord>'
  activerecord (4.0.0) lib/active_record/base.rb:22:in `<top (required)>'
  activerecord (4.0.0) lib/active_record/query_cache.rb:50:in `restore_query_cache_settings'
  activerecord (4.0.0) lib/active_record/query_cache.rb:43:in `rescue in call'
  activerecord (4.0.0) lib/active_record/query_cache.rb:32:in `call'
  activerecord (4.0.0) lib/active_record/connection_adapters/abstract/connection_pool.rb:626:in `call'
  activerecord (4.0.0) lib/active_record/migration.rb:369:in `call'
  actionpack (4.0.0) lib/action_dispatch/middleware/callbacks.rb:29:in `block in call'
  activesupport (4.0.0) lib/active_support/callbacks.rb:373:in `_run__504129770334346790__call__callbacks'
  activesupport (4.0.0) lib/active_support/callbacks.rb:80:in `run_callbacks'
  actionpack (4.0.0) lib/action_dispatch/middleware/callbacks.rb:27:in `call'
  actionpack (4.0.0) lib/action_dispatch/middleware/reloader.rb:64:in `call'
  actionpack (4.0.0) lib/action_dispatch/middleware/remote_ip.rb:76:in `call'
  actionpack (4.0.0) lib/action_dispatch/middleware/debug_exceptions.rb:17:in `call'
  actionpack (4.0.0) lib/action_dispatch/middleware/show_exceptions.rb:30:in `call'
  railties (4.0.0) lib/rails/rack/logger.rb:38:in `call_app'
  railties (4.0.0) lib/rails/rack/logger.rb:21:in `block in call'
  activesupport (4.0.0) lib/active_support/tagged_logging.rb:67:in `block in tagged'
  activesupport (4.0.0) lib/active_support/tagged_logging.rb:25:in `tagged'
  activesupport (4.0.0) lib/active_support/tagged_logging.rb:67:in `tagged'
  railties (4.0.0) lib/rails/rack/logger.rb:21:in `call'
  actionpack (4.0.0) lib/action_dispatch/middleware/request_id.rb:21:in `call'
  rack (1.5.2) lib/rack/methodoverride.rb:21:in `call'
  rack (1.5.2) lib/rack/runtime.rb:17:in `call'
  activesupport (4.0.0) lib/active_support/cache/strategy/local_cache.rb:83:in `call'
  rack (1.5.2) lib/rack/lock.rb:17:in `call'
  actionpack (4.0.0) lib/action_dispatch/middleware/static.rb:64:in `call'
  railties (4.0.0) lib/rails/engine.rb:511:in `call'
  railties (4.0.0) lib/rails/application.rb:97:in `call'
  rack (1.5.2) lib/rack/lock.rb:17:in `call'
  rack (1.5.2) lib/rack/content_length.rb:14:in `call'
  rack (1.5.2) lib/rack/handler/webrick.rb:60:in `service'
  /Users/brandon/.rvm/rubies/ruby-2.0.0-p247/lib/ruby/2.0.0/webrick/httpserver.rb:138:in `service'
  /Users/brandon/.rvm/rubies/ruby-2.0.0-p247/lib/ruby/2.0.0/webrick/httpserver.rb:94:in `run'
  /Users/brandon/.rvm/rubies/ruby-2.0.0-p247/lib/ruby/2.0.0/webrick/server.rb:295:in `block in start_thread'


  Rendered /Users/brandon/.rvm/gems/ruby-2.0.0-p247/gems/actionpack-4.0.0/lib/action_dispatch/middleware/templates/rescues/_source.erb (1.2ms)
  Rendered /Users/brandon/.rvm/gems/ruby-2.0.0-p247/gems/actionpack-4.0.0/lib/action_dispatch/middleware/templates/rescues/_trace.erb (2.2ms)
  Rendered /Users/brandon/.rvm/gems/ruby-2.0.0-p247/gems/actionpack-4.0.0/lib/action_dispatch/middleware/templates/rescues/_request_and_response.erb (1.5ms)
  Rendered /Users/brandon/.rvm/gems/ruby-2.0.0-p247/gems/actionpack-4.0.0/lib/action_dispatch/middleware/templates/rescues/diagnostics.erb within rescues/layout (27.5ms)


Started GET "/" for 127.0.0.1 at 2013-10-02 15:57:26 -0700

RuntimeError (YAML syntax error occurred while parsing /Users/brandon/Desktop/topshelf/config/database.yml. Please note that YAML must be consistently indented using spaces. Tabs are not allowed. Error: (<unknown>): found a tab character that violate intendation while scanning a plain scalar at line 8 column 13):
  railties (4.0.0) lib/rails/application/configuration.rb:113:in `rescue in database_configuration'
  railties (4.0.0) lib/rails/application/configuration.rb:103:in `database_configuration'
  activerecord (4.0.0) lib/active_record/railtie.rb:174:in `block (2 levels) in <class:Railtie>'
  activesupport (4.0.0) lib/active_support/lazy_load_hooks.rb:38:in `instance_eval'
  activesupport (4.0.0) lib/active_support/lazy_load_hooks.rb:38:in `execute_hook'
  activesupport (4.0.0) lib/active_support/lazy_load_hooks.rb:45:in `block in run_load_hooks'
  activesupport (4.0.0) lib/active_support/lazy_load_hooks.rb:44:in `each'
  activesupport (4.0.0) lib/active_support/lazy_load_hooks.rb:44:in `run_load_hooks'
  activerecord (4.0.0) lib/active_record/base.rb:322:in `<module:ActiveRecord>'
  activerecord (4.0.0) lib/active_record/base.rb:22:in `<top (required)>'
  activerecord (4.0.0) lib/active_record/connection_adapters/abstract/connection_pool.rb:633:in `rescue in call'
  activerecord (4.0.0) lib/active_record/connection_adapters/abstract/connection_pool.rb:624:in `call'
  activerecord (4.0.0) lib/active_record/migration.rb:369:in `call'
  actionpack (4.0.0) lib/action_dispatch/middleware/callbacks.rb:29:in `block in call'
  activesupport (4.0.0) lib/active_support/callbacks.rb:373:in `_run__4589239179148749738__call__callbacks'
  activesupport (4.0.0) lib/active_support/callbacks.rb:80:in `run_callbacks'
  actionpack (4.0.0) lib/action_dispatch/middleware/callbacks.rb:27:in `call'
  actionpack (4.0.0) lib/action_dispatch/middleware/reloader.rb:64:in `call'
  actionpack (4.0.0) lib/action_dispatch/middleware/remote_ip.rb:76:in `call'
  actionpack (4.0.0) lib/action_dispatch/middleware/debug_exceptions.rb:17:in `call'
  actionpack (4.0.0) lib/action_dispatch/middleware/show_exceptions.rb:30:in `call'
  railties (4.0.0) lib/rails/rack/logger.rb:38:in `call_app'
  railties (4.0.0) lib/rails/rack/logger.rb:21:in `block in call'
  activesupport (4.0.0) lib/active_support/tagged_logging.rb:67:in `block in tagged'
  activesupport (4.0.0) lib/active_support/tagged_logging.rb:25:in `tagged'
  activesupport (4.0.0) lib/active_support/tagged_logging.rb:67:in `tagged'
  railties (4.0.0) lib/rails/rack/logger.rb:21:in `call'
  actionpack (4.0.0) lib/action_dispatch/middleware/request_id.rb:21:in `call'
  rack (1.5.2) lib/rack/methodoverride.rb:21:in `call'
  rack (1.5.2) lib/rack/runtime.rb:17:in `call'
  activesupport (4.0.0) lib/active_support/cache/strategy/local_cache.rb:83:in `call'
  rack (1.5.2) lib/rack/lock.rb:17:in `call'
  actionpack (4.0.0) lib/action_dispatch/middleware/static.rb:64:in `call'
  railties (4.0.0) lib/rails/engine.rb:511:in `call'
  railties (4.0.0) lib/rails/application.rb:97:in `call'
  rack (1.5.2) lib/rack/lock.rb:17:in `call'
  rack (1.5.2) lib/rack/content_length.rb:14:in `call'
  rack (1.5.2) lib/rack/handler/webrick.rb:60:in `service'
  /Users/brandon/.rvm/rubies/ruby-2.0.0-p247/lib/ruby/2.0.0/webrick/httpserver.rb:138:in `service'
  /Users/brandon/.rvm/rubies/ruby-2.0.0-p247/lib/ruby/2.0.0/webrick/httpserver.rb:94:in `run'
  /Users/brandon/.rvm/rubies/ruby-2.0.0-p247/lib/ruby/2.0.0/webrick/server.rb:295:in `block in start_thread'


  Rendered /Users/brandon/.rvm/gems/ruby-2.0.0-p247/gems/actionpack-4.0.0/lib/action_dispatch/middleware/templates/rescues/_source.erb (0.6ms)
  Rendered /Users/brandon/.rvm/gems/ruby-2.0.0-p247/gems/actionpack-4.0.0/lib/action_dispatch/middleware/templates/rescues/_trace.erb (1.1ms)
  Rendered /Users/brandon/.rvm/gems/ruby-2.0.0-p247/gems/actionpack-4.0.0/lib/action_dispatch/middleware/templates/rescues/_request_and_response.erb (1.0ms)
  Rendered /Users/brandon/.rvm/gems/ruby-2.0.0-p247/gems/actionpack-4.0.0/lib/action_dispatch/middleware/templates/rescues/diagnostics.erb within rescues/layout (15.5ms)


Started GET "/" for 127.0.0.1 at 2013-10-02 15:58:48 -0700

PG::ConnectionBad (FATAL:  database "topshelf_development" does not exist
):
  activerecord (4.0.0) lib/active_record/connection_adapters/postgresql_adapter.rb:825:in `initialize'
  activerecord (4.0.0) lib/active_record/connection_adapters/postgresql_adapter.rb:825:in `new'
  activerecord (4.0.0) lib/active_record/connection_adapters/postgresql_adapter.rb:825:in `connect'
  activerecord (4.0.0) lib/active_record/connection_adapters/postgresql_adapter.rb:542:in `initialize'
  activerecord (4.0.0) lib/active_record/connection_adapters/postgresql_adapter.rb:41:in `new'
  activerecord (4.0.0) lib/active_record/connection_adapters/postgresql_adapter.rb:41:in `postgresql_connection'
  activerecord (4.0.0) lib/active_record/connection_adapters/abstract/connection_pool.rb:440:in `new_connection'
  activerecord (4.0.0) lib/active_record/connection_adapters/abstract/connection_pool.rb:450:in `checkout_new_connection'
  activerecord (4.0.0) lib/active_record/connection_adapters/abstract/connection_pool.rb:421:in `acquire_connection'
  activerecord (4.0.0) lib/active_record/connection_adapters/abstract/connection_pool.rb:356:in `block in checkout'
  /Users/brandon/.rvm/rubies/ruby-2.0.0-p247/lib/ruby/2.0.0/monitor.rb:211:in `mon_synchronize'
  activerecord (4.0.0) lib/active_record/connection_adapters/abstract/connection_pool.rb:355:in `checkout'
  activerecord (4.0.0) lib/active_record/connection_adapters/abstract/connection_pool.rb:265:in `block in connection'
  /Users/brandon/.rvm/rubies/ruby-2.0.0-p247/lib/ruby/2.0.0/monitor.rb:211:in `mon_synchronize'
  activerecord (4.0.0) lib/active_record/connection_adapters/abstract/connection_pool.rb:264:in `connection'
  activerecord (4.0.0) lib/active_record/connection_adapters/abstract/connection_pool.rb:546:in `retrieve_connection'
  activerecord (4.0.0) lib/active_record/connection_handling.rb:79:in `retrieve_connection'
  activerecord (4.0.0) lib/active_record/connection_handling.rb:53:in `connection'
  activerecord (4.0.0) lib/active_record/query_cache.rb:51:in `restore_query_cache_settings'
  activerecord (4.0.0) lib/active_record/query_cache.rb:43:in `rescue in call'
  activerecord (4.0.0) lib/active_record/query_cache.rb:32:in `call'
  activerecord (4.0.0) lib/active_record/connection_adapters/abstract/connection_pool.rb:626:in `call'
  activerecord (4.0.0) lib/active_record/migration.rb:369:in `call'
  actionpack (4.0.0) lib/action_dispatch/middleware/callbacks.rb:29:in `block in call'
  activesupport (4.0.0) lib/active_support/callbacks.rb:373:in `_run__2698757248592958955__call__callbacks'
  activesupport (4.0.0) lib/active_support/callbacks.rb:80:in `run_callbacks'
  actionpack (4.0.0) lib/action_dispatch/middleware/callbacks.rb:27:in `call'
  actionpack (4.0.0) lib/action_dispatch/middleware/reloader.rb:64:in `call'
  actionpack (4.0.0) lib/action_dispatch/middleware/remote_ip.rb:76:in `call'
  actionpack (4.0.0) lib/action_dispatch/middleware/debug_exceptions.rb:17:in `call'
  actionpack (4.0.0) lib/action_dispatch/middleware/show_exceptions.rb:30:in `call'
  railties (4.0.0) lib/rails/rack/logger.rb:38:in `call_app'
  railties (4.0.0) lib/rails/rack/logger.rb:21:in `block in call'
  activesupport (4.0.0) lib/active_support/tagged_logging.rb:67:in `block in tagged'
  activesupport (4.0.0) lib/active_support/tagged_logging.rb:25:in `tagged'
  activesupport (4.0.0) lib/active_support/tagged_logging.rb:67:in `tagged'
  railties (4.0.0) lib/rails/rack/logger.rb:21:in `call'
  actionpack (4.0.0) lib/action_dispatch/middleware/request_id.rb:21:in `call'
  rack (1.5.2) lib/rack/methodoverride.rb:21:in `call'
  rack (1.5.2) lib/rack/runtime.rb:17:in `call'
  activesupport (4.0.0) lib/active_support/cache/strategy/local_cache.rb:83:in `call'
  rack (1.5.2) lib/rack/lock.rb:17:in `call'
  actionpack (4.0.0) lib/action_dispatch/middleware/static.rb:64:in `call'
  railties (4.0.0) lib/rails/engine.rb:511:in `call'
  railties (4.0.0) lib/rails/application.rb:97:in `call'
  rack (1.5.2) lib/rack/lock.rb:17:in `call'
  rack (1.5.2) lib/rack/content_length.rb:14:in `call'
  rack (1.5.2) lib/rack/handler/webrick.rb:60:in `service'
  /Users/brandon/.rvm/rubies/ruby-2.0.0-p247/lib/ruby/2.0.0/webrick/httpserver.rb:138:in `service'
  /Users/brandon/.rvm/rubies/ruby-2.0.0-p247/lib/ruby/2.0.0/webrick/httpserver.rb:94:in `run'
  /Users/brandon/.rvm/rubies/ruby-2.0.0-p247/lib/ruby/2.0.0/webrick/server.rb:295:in `block in start_thread'


  Rendered /Users/brandon/.rvm/gems/ruby-2.0.0-p247/gems/actionpack-4.0.0/lib/action_dispatch/middleware/templates/rescues/_source.erb (0.6ms)
  Rendered /Users/brandon/.rvm/gems/ruby-2.0.0-p247/gems/actionpack-4.0.0/lib/action_dispatch/middleware/templates/rescues/_trace.erb (1.3ms)
  Rendered /Users/brandon/.rvm/gems/ruby-2.0.0-p247/gems/actionpack-4.0.0/lib/action_dispatch/middleware/templates/rescues/_request_and_response.erb (1.2ms)
  Rendered /Users/brandon/.rvm/gems/ruby-2.0.0-p247/gems/actionpack-4.0.0/lib/action_dispatch/middleware/templates/rescues/diagnostics.erb within rescues/layout (16.2ms)


Started GET "/" for 127.0.0.1 at 2013-10-02 16:01:22 -0700
Processing by Rails::WelcomeController#index as HTML
  Rendered /Users/brandon/.rvm/gems/ruby-2.0.0-p247/gems/railties-4.0.0/lib/rails/templates/rails/welcome/index.html.erb (1.6ms)
Completed 200 OK in 8ms (Views: 7.4ms | ActiveRecord: 0.0ms)


Started GET "/" for 127.0.0.1 at 2013-10-02 16:06:18 -0700
Processing by Rails::WelcomeController#index as HTML
  Rendered /Users/brandon/.rvm/gems/ruby-2.0.0-p247/gems/railties-4.0.0/lib/rails/templates/rails/welcome/index.html.erb (0.1ms)
Completed 200 OK in 2ms (Views: 1.8ms | ActiveRecord: 0.0ms)


Started GET "/" for 127.0.0.1 at 2013-10-02 16:06:59 -0700
Processing by WelcomeController#index as HTML
  Rendered welcome/index.html.erb within layouts/application (0.6ms)
Completed 500 Internal Server Error in 28ms

ActionView::Template::Error (couldn't find file 'turbolinks'
  (in /Users/brandon/Desktop/topshelf/app/assets/javascripts/application.js:15)):
    3: <head>
    4:   <title>Topshelf</title>
    5:   <%= stylesheet_link_tag    "application", media: "all", "data-turbolinks-track" => true %>
    6:   <%= javascript_include_tag "application", "data-turbolinks-track" => true %>
    7:   <%= csrf_meta_tags %>
    8: </head>
    9: <body>
  app/views/layouts/application.html.erb:6:in `_app_views_layouts_application_html_erb___3770633452718109067_70348959536880'


  Rendered /Users/brandon/.rvm/gems/ruby-2.0.0-p247/gems/actionpack-4.0.0/lib/action_dispatch/middleware/templates/rescues/_trace.erb (1.5ms)
  Rendered /Users/brandon/.rvm/gems/ruby-2.0.0-p247/gems/actionpack-4.0.0/lib/action_dispatch/middleware/templates/rescues/_request_and_response.erb (21.8ms)
  Rendered /Users/brandon/.rvm/gems/ruby-2.0.0-p247/gems/actionpack-4.0.0/lib/action_dispatch/middleware/templates/rescues/template_error.erb within rescues/layout (37.5ms)


Started GET "/" for 127.0.0.1 at 2013-10-02 16:07:23 -0700
Processing by WelcomeController#index as HTML
  Rendered welcome/index.html.erb within layouts/application (0.1ms)
Completed 200 OK in 3ms (Views: 3.0ms | ActiveRecord: 0.0ms)


Started GET "/" for 127.0.0.1 at 2013-10-02 16:08:10 -0700
Processing by WelcomeController#index as HTML
  Rendered welcome/index.html.erb within layouts/application (0.5ms)
Completed 200 OK in 4ms (Views: 3.7ms | ActiveRecord: 0.0ms)


Started GET "/" for 127.0.0.1 at 2013-10-02 16:26:10 -0700
Processing by WelcomeController#index as HTML
  Rendered welcome/index.html.erb within layouts/application (0.4ms)
Completed 200 OK in 3ms (Views: 3.0ms | ActiveRecord: 0.0ms)


Started GET "/users" for 127.0.0.1 at 2013-10-02 17:16:22 -0700

ActionController::RoutingError (No route matches [GET] "/users"):
  actionpack (4.0.0) lib/action_dispatch/middleware/debug_exceptions.rb:21:in `call'
  actionpack (4.0.0) lib/action_dispatch/middleware/show_exceptions.rb:30:in `call'
  railties (4.0.0) lib/rails/rack/logger.rb:38:in `call_app'
  railties (4.0.0) lib/rails/rack/logger.rb:21:in `block in call'
  activesupport (4.0.0) lib/active_support/tagged_logging.rb:67:in `block in tagged'
  activesupport (4.0.0) lib/active_support/tagged_logging.rb:25:in `tagged'
  activesupport (4.0.0) lib/active_support/tagged_logging.rb:67:in `tagged'
  railties (4.0.0) lib/rails/rack/logger.rb:21:in `call'
  actionpack (4.0.0) lib/action_dispatch/middleware/request_id.rb:21:in `call'
  rack (1.5.2) lib/rack/methodoverride.rb:21:in `call'
  rack (1.5.2) lib/rack/runtime.rb:17:in `call'
  activesupport (4.0.0) lib/active_support/cache/strategy/local_cache.rb:83:in `call'
  rack (1.5.2) lib/rack/lock.rb:17:in `call'
  actionpack (4.0.0) lib/action_dispatch/middleware/static.rb:64:in `call'
  railties (4.0.0) lib/rails/engine.rb:511:in `call'
  railties (4.0.0) lib/rails/application.rb:97:in `call'
  rack (1.5.2) lib/rack/content_length.rb:14:in `call'
  thin (1.5.1) lib/thin/connection.rb:81:in `block in pre_process'
  thin (1.5.1) lib/thin/connection.rb:79:in `catch'
  thin (1.5.1) lib/thin/connection.rb:79:in `pre_process'
  thin (1.5.1) lib/thin/connection.rb:54:in `process'
  thin (1.5.1) lib/thin/connection.rb:39:in `receive_data'
  eventmachine (1.0.3) lib/eventmachine.rb:187:in `run_machine'
  eventmachine (1.0.3) lib/eventmachine.rb:187:in `run'
  thin (1.5.1) lib/thin/backends/base.rb:63:in `start'
  thin (1.5.1) lib/thin/server.rb:159:in `start'
  rack (1.5.2) lib/rack/handler/thin.rb:16:in `run'
  rack (1.5.2) lib/rack/server.rb:264:in `start'
  railties (4.0.0) lib/rails/commands/server.rb:84:in `start'
  railties (4.0.0) lib/rails/commands.rb:78:in `block in <top (required)>'
  railties (4.0.0) lib/rails/commands.rb:73:in `tap'
  railties (4.0.0) lib/rails/commands.rb:73:in `<top (required)>'
  bin/rails:4:in `require'
  bin/rails:4:in `<main>'


  Rendered /Users/brandon/.rvm/gems/ruby-2.0.0-p247/gems/actionpack-4.0.0/lib/action_dispatch/middleware/templates/rescues/_trace.erb (1.4ms)
  Rendered /Users/brandon/.rvm/gems/ruby-2.0.0-p247/gems/actionpack-4.0.0/lib/action_dispatch/middleware/templates/routes/_route.html.erb (1.4ms)
  Rendered /Users/brandon/.rvm/gems/ruby-2.0.0-p247/gems/actionpack-4.0.0/lib/action_dispatch/middleware/templates/routes/_table.html.erb (5.9ms)
  Rendered /Users/brandon/.rvm/gems/ruby-2.0.0-p247/gems/actionpack-4.0.0/lib/action_dispatch/middleware/templates/rescues/routing_error.erb within rescues/layout (35.8ms)


Started GET "/users" for 127.0.0.1 at 2013-10-02 17:16:32 -0700

ActionController::RoutingError (uninitialized constant UsersController):
  activesupport (4.0.0) lib/active_support/inflector/methods.rb:226:in `const_get'
  activesupport (4.0.0) lib/active_support/inflector/methods.rb:226:in `block in constantize'
  activesupport (4.0.0) lib/active_support/inflector/methods.rb:224:in `each'
  activesupport (4.0.0) lib/active_support/inflector/methods.rb:224:in `inject'
  activesupport (4.0.0) lib/active_support/inflector/methods.rb:224:in `constantize'
  actionpack (4.0.0) lib/action_dispatch/routing/route_set.rb:76:in `controller_reference'
  actionpack (4.0.0) lib/action_dispatch/routing/route_set.rb:66:in `controller'
  actionpack (4.0.0) lib/action_dispatch/routing/route_set.rb:44:in `call'
  actionpack (4.0.0) lib/action_dispatch/journey/router.rb:71:in `block in call'
  actionpack (4.0.0) lib/action_dispatch/journey/router.rb:59:in `each'
  actionpack (4.0.0) lib/action_dispatch/journey/router.rb:59:in `call'
  actionpack (4.0.0) lib/action_dispatch/routing/route_set.rb:655:in `call'
  rack (1.5.2) lib/rack/etag.rb:23:in `call'
  rack (1.5.2) lib/rack/conditionalget.rb:25:in `call'
  rack (1.5.2) lib/rack/head.rb:11:in `call'
  actionpack (4.0.0) lib/action_dispatch/middleware/params_parser.rb:27:in `call'
  actionpack (4.0.0) lib/action_dispatch/middleware/flash.rb:241:in `call'
  rack (1.5.2) lib/rack/session/abstract/id.rb:225:in `context'
  rack (1.5.2) lib/rack/session/abstract/id.rb:220:in `call'
  actionpack (4.0.0) lib/action_dispatch/middleware/cookies.rb:486:in `call'
  activerecord (4.0.0) lib/active_record/query_cache.rb:36:in `call'
  activerecord (4.0.0) lib/active_record/connection_adapters/abstract/connection_pool.rb:626:in `call'
  activerecord (4.0.0) lib/active_record/migration.rb:369:in `call'
  actionpack (4.0.0) lib/action_dispatch/middleware/callbacks.rb:29:in `block in call'
  activesupport (4.0.0) lib/active_support/callbacks.rb:373:in `_run__3240195364612924679__call__callbacks'
  activesupport (4.0.0) lib/active_support/callbacks.rb:80:in `run_callbacks'
  actionpack (4.0.0) lib/action_dispatch/middleware/callbacks.rb:27:in `call'
  actionpack (4.0.0) lib/action_dispatch/middleware/reloader.rb:64:in `call'
  actionpack (4.0.0) lib/action_dispatch/middleware/remote_ip.rb:76:in `call'
  actionpack (4.0.0) lib/action_dispatch/middleware/debug_exceptions.rb:17:in `call'
  actionpack (4.0.0) lib/action_dispatch/middleware/show_exceptions.rb:30:in `call'
  railties (4.0.0) lib/rails/rack/logger.rb:38:in `call_app'
  railties (4.0.0) lib/rails/rack/logger.rb:21:in `block in call'
  activesupport (4.0.0) lib/active_support/tagged_logging.rb:67:in `block in tagged'
  activesupport (4.0.0) lib/active_support/tagged_logging.rb:25:in `tagged'
  activesupport (4.0.0) lib/active_support/tagged_logging.rb:67:in `tagged'
  railties (4.0.0) lib/rails/rack/logger.rb:21:in `call'
  actionpack (4.0.0) lib/action_dispatch/middleware/request_id.rb:21:in `call'
  rack (1.5.2) lib/rack/methodoverride.rb:21:in `call'
  rack (1.5.2) lib/rack/runtime.rb:17:in `call'
  activesupport (4.0.0) lib/active_support/cache/strategy/local_cache.rb:83:in `call'
  rack (1.5.2) lib/rack/lock.rb:17:in `call'
  actionpack (4.0.0) lib/action_dispatch/middleware/static.rb:64:in `call'
  railties (4.0.0) lib/rails/engine.rb:511:in `call'
  railties (4.0.0) lib/rails/application.rb:97:in `call'
  rack (1.5.2) lib/rack/content_length.rb:14:in `call'
  thin (1.5.1) lib/thin/connection.rb:81:in `block in pre_process'
  thin (1.5.1) lib/thin/connection.rb:79:in `catch'
  thin (1.5.1) lib/thin/connection.rb:79:in `pre_process'
  thin (1.5.1) lib/thin/connection.rb:54:in `process'
  thin (1.5.1) lib/thin/connection.rb:39:in `receive_data'
  eventmachine (1.0.3) lib/eventmachine.rb:187:in `run_machine'
  eventmachine (1.0.3) lib/eventmachine.rb:187:in `run'
  thin (1.5.1) lib/thin/backends/base.rb:63:in `start'
  thin (1.5.1) lib/thin/server.rb:159:in `start'
  rack (1.5.2) lib/rack/handler/thin.rb:16:in `run'
  rack (1.5.2) lib/rack/server.rb:264:in `start'
  railties (4.0.0) lib/rails/commands/server.rb:84:in `start'
  railties (4.0.0) lib/rails/commands.rb:78:in `block in <top (required)>'
  railties (4.0.0) lib/rails/commands.rb:73:in `tap'
  railties (4.0.0) lib/rails/commands.rb:73:in `<top (required)>'
  bin/rails:4:in `require'
  bin/rails:4:in `<main>'


  Rendered /Users/brandon/.rvm/gems/ruby-2.0.0-p247/gems/actionpack-4.0.0/lib/action_dispatch/middleware/templates/rescues/_trace.erb (1.2ms)
  Rendered /Users/brandon/.rvm/gems/ruby-2.0.0-p247/gems/actionpack-4.0.0/lib/action_dispatch/middleware/templates/routes/_route.html.erb (1.4ms)
  Rendered /Users/brandon/.rvm/gems/ruby-2.0.0-p247/gems/actionpack-4.0.0/lib/action_dispatch/middleware/templates/routes/_table.html.erb (1.1ms)
  Rendered /Users/brandon/.rvm/gems/ruby-2.0.0-p247/gems/actionpack-4.0.0/lib/action_dispatch/middleware/templates/rescues/routing_error.erb within rescues/layout (26.8ms)


Started GET "/users" for 127.0.0.1 at 2013-10-02 17:16:46 -0700

ActionController::RoutingError (uninitialized constant UsersController):
  activesupport (4.0.0) lib/active_support/inflector/methods.rb:226:in `const_get'
  activesupport (4.0.0) lib/active_support/inflector/methods.rb:226:in `block in constantize'
  activesupport (4.0.0) lib/active_support/inflector/methods.rb:224:in `each'
  activesupport (4.0.0) lib/active_support/inflector/methods.rb:224:in `inject'
  activesupport (4.0.0) lib/active_support/inflector/methods.rb:224:in `constantize'
  actionpack (4.0.0) lib/action_dispatch/routing/route_set.rb:76:in `controller_reference'
  actionpack (4.0.0) lib/action_dispatch/routing/route_set.rb:66:in `controller'
  actionpack (4.0.0) lib/action_dispatch/routing/route_set.rb:44:in `call'
  actionpack (4.0.0) lib/action_dispatch/journey/router.rb:71:in `block in call'
  actionpack (4.0.0) lib/action_dispatch/journey/router.rb:59:in `each'
  actionpack (4.0.0) lib/action_dispatch/journey/router.rb:59:in `call'
  actionpack (4.0.0) lib/action_dispatch/routing/route_set.rb:655:in `call'
  rack (1.5.2) lib/rack/etag.rb:23:in `call'
  rack (1.5.2) lib/rack/conditionalget.rb:25:in `call'
  rack (1.5.2) lib/rack/head.rb:11:in `call'
  actionpack (4.0.0) lib/action_dispatch/middleware/params_parser.rb:27:in `call'
  actionpack (4.0.0) lib/action_dispatch/middleware/flash.rb:241:in `call'
  rack (1.5.2) lib/rack/session/abstract/id.rb:225:in `context'
  rack (1.5.2) lib/rack/session/abstract/id.rb:220:in `call'
  actionpack (4.0.0) lib/action_dispatch/middleware/cookies.rb:486:in `call'
  activerecord (4.0.0) lib/active_record/query_cache.rb:36:in `call'
  activerecord (4.0.0) lib/active_record/connection_adapters/abstract/connection_pool.rb:626:in `call'
  activerecord (4.0.0) lib/active_record/migration.rb:369:in `call'
  actionpack (4.0.0) lib/action_dispatch/middleware/callbacks.rb:29:in `block in call'
  activesupport (4.0.0) lib/active_support/callbacks.rb:373:in `_run__3240195364612924679__call__callbacks'
  activesupport (4.0.0) lib/active_support/callbacks.rb:80:in `run_callbacks'
  actionpack (4.0.0) lib/action_dispatch/middleware/callbacks.rb:27:in `call'
  actionpack (4.0.0) lib/action_dispatch/middleware/reloader.rb:64:in `call'
  actionpack (4.0.0) lib/action_dispatch/middleware/remote_ip.rb:76:in `call'
  actionpack (4.0.0) lib/action_dispatch/middleware/debug_exceptions.rb:17:in `call'
  actionpack (4.0.0) lib/action_dispatch/middleware/show_exceptions.rb:30:in `call'
  railties (4.0.0) lib/rails/rack/logger.rb:38:in `call_app'
  railties (4.0.0) lib/rails/rack/logger.rb:21:in `block in call'
  activesupport (4.0.0) lib/active_support/tagged_logging.rb:67:in `block in tagged'
  activesupport (4.0.0) lib/active_support/tagged_logging.rb:25:in `tagged'
  activesupport (4.0.0) lib/active_support/tagged_logging.rb:67:in `tagged'
  railties (4.0.0) lib/rails/rack/logger.rb:21:in `call'
  actionpack (4.0.0) lib/action_dispatch/middleware/request_id.rb:21:in `call'
  rack (1.5.2) lib/rack/methodoverride.rb:21:in `call'
  rack (1.5.2) lib/rack/runtime.rb:17:in `call'
  activesupport (4.0.0) lib/active_support/cache/strategy/local_cache.rb:83:in `call'
  rack (1.5.2) lib/rack/lock.rb:17:in `call'
  actionpack (4.0.0) lib/action_dispatch/middleware/static.rb:64:in `call'
  railties (4.0.0) lib/rails/engine.rb:511:in `call'
  railties (4.0.0) lib/rails/application.rb:97:in `call'
  rack (1.5.2) lib/rack/content_length.rb:14:in `call'
  thin (1.5.1) lib/thin/connection.rb:81:in `block in pre_process'
  thin (1.5.1) lib/thin/connection.rb:79:in `catch'
  thin (1.5.1) lib/thin/connection.rb:79:in `pre_process'
  thin (1.5.1) lib/thin/connection.rb:54:in `process'
  thin (1.5.1) lib/thin/connection.rb:39:in `receive_data'
  eventmachine (1.0.3) lib/eventmachine.rb:187:in `run_machine'
  eventmachine (1.0.3) lib/eventmachine.rb:187:in `run'
  thin (1.5.1) lib/thin/backends/base.rb:63:in `start'
  thin (1.5.1) lib/thin/server.rb:159:in `start'
  rack (1.5.2) lib/rack/handler/thin.rb:16:in `run'
  rack (1.5.2) lib/rack/server.rb:264:in `start'
  railties (4.0.0) lib/rails/commands/server.rb:84:in `start'
  railties (4.0.0) lib/rails/commands.rb:78:in `block in <top (required)>'
  railties (4.0.0) lib/rails/commands.rb:73:in `tap'
  railties (4.0.0) lib/rails/commands.rb:73:in `<top (required)>'
  bin/rails:4:in `require'
  bin/rails:4:in `<main>'


  Rendered /Users/brandon/.rvm/gems/ruby-2.0.0-p247/gems/actionpack-4.0.0/lib/action_dispatch/middleware/templates/rescues/_trace.erb (1.2ms)
  Rendered /Users/brandon/.rvm/gems/ruby-2.0.0-p247/gems/actionpack-4.0.0/lib/action_dispatch/middleware/templates/routes/_route.html.erb (1.4ms)
  Rendered /Users/brandon/.rvm/gems/ruby-2.0.0-p247/gems/actionpack-4.0.0/lib/action_dispatch/middleware/templates/routes/_table.html.erb (32.2ms)
  Rendered /Users/brandon/.rvm/gems/ruby-2.0.0-p247/gems/actionpack-4.0.0/lib/action_dispatch/middleware/templates/rescues/routing_error.erb within rescues/layout (59.4ms)


Started GET "/users" for 127.0.0.1 at 2013-10-02 17:17:15 -0700

AbstractController::ActionNotFound (The action 'index' could not be found for UsersController):
  actionpack (4.0.0) lib/abstract_controller/base.rb:131:in `process'
  actionpack (4.0.0) lib/abstract_controller/rendering.rb:44:in `process'
  actionpack (4.0.0) lib/action_controller/metal.rb:195:in `dispatch'
  actionpack (4.0.0) lib/action_controller/metal/rack_delegation.rb:13:in `dispatch'
  actionpack (4.0.0) lib/action_controller/metal.rb:231:in `block in action'
  actionpack (4.0.0) lib/action_dispatch/routing/route_set.rb:80:in `call'
  actionpack (4.0.0) lib/action_dispatch/routing/route_set.rb:80:in `dispatch'
  actionpack (4.0.0) lib/action_dispatch/routing/route_set.rb:48:in `call'
  actionpack (4.0.0) lib/action_dispatch/journey/router.rb:71:in `block in call'
  actionpack (4.0.0) lib/action_dispatch/journey/router.rb:59:in `each'
  actionpack (4.0.0) lib/action_dispatch/journey/router.rb:59:in `call'
  actionpack (4.0.0) lib/action_dispatch/routing/route_set.rb:655:in `call'
  rack (1.5.2) lib/rack/etag.rb:23:in `call'
  rack (1.5.2) lib/rack/conditionalget.rb:25:in `call'
  rack (1.5.2) lib/rack/head.rb:11:in `call'
  actionpack (4.0.0) lib/action_dispatch/middleware/params_parser.rb:27:in `call'
  actionpack (4.0.0) lib/action_dispatch/middleware/flash.rb:241:in `call'
  rack (1.5.2) lib/rack/session/abstract/id.rb:225:in `context'
  rack (1.5.2) lib/rack/session/abstract/id.rb:220:in `call'
  actionpack (4.0.0) lib/action_dispatch/middleware/cookies.rb:486:in `call'
  activerecord (4.0.0) lib/active_record/query_cache.rb:36:in `call'
  activerecord (4.0.0) lib/active_record/connection_adapters/abstract/connection_pool.rb:626:in `call'
  activerecord (4.0.0) lib/active_record/migration.rb:369:in `call'
  actionpack (4.0.0) lib/action_dispatch/middleware/callbacks.rb:29:in `block in call'
  activesupport (4.0.0) lib/active_support/callbacks.rb:373:in `_run__3240195364612924679__call__callbacks'
  activesupport (4.0.0) lib/active_support/callbacks.rb:80:in `run_callbacks'
  actionpack (4.0.0) lib/action_dispatch/middleware/callbacks.rb:27:in `call'
  actionpack (4.0.0) lib/action_dispatch/middleware/reloader.rb:64:in `call'
  actionpack (4.0.0) lib/action_dispatch/middleware/remote_ip.rb:76:in `call'
  actionpack (4.0.0) lib/action_dispatch/middleware/debug_exceptions.rb:17:in `call'
  actionpack (4.0.0) lib/action_dispatch/middleware/show_exceptions.rb:30:in `call'
  railties (4.0.0) lib/rails/rack/logger.rb:38:in `call_app'
  railties (4.0.0) lib/rails/rack/logger.rb:21:in `block in call'
  activesupport (4.0.0) lib/active_support/tagged_logging.rb:67:in `block in tagged'
  activesupport (4.0.0) lib/active_support/tagged_logging.rb:25:in `tagged'
  activesupport (4.0.0) lib/active_support/tagged_logging.rb:67:in `tagged'
  railties (4.0.0) lib/rails/rack/logger.rb:21:in `call'
  actionpack (4.0.0) lib/action_dispatch/middleware/request_id.rb:21:in `call'
  rack (1.5.2) lib/rack/methodoverride.rb:21:in `call'
  rack (1.5.2) lib/rack/runtime.rb:17:in `call'
  activesupport (4.0.0) lib/active_support/cache/strategy/local_cache.rb:83:in `call'
  rack (1.5.2) lib/rack/lock.rb:17:in `call'
  actionpack (4.0.0) lib/action_dispatch/middleware/static.rb:64:in `call'
  railties (4.0.0) lib/rails/engine.rb:511:in `call'
  railties (4.0.0) lib/rails/application.rb:97:in `call'
  rack (1.5.2) lib/rack/content_length.rb:14:in `call'
  thin (1.5.1) lib/thin/connection.rb:81:in `block in pre_process'
  thin (1.5.1) lib/thin/connection.rb:79:in `catch'
  thin (1.5.1) lib/thin/connection.rb:79:in `pre_process'
  thin (1.5.1) lib/thin/connection.rb:54:in `process'
  thin (1.5.1) lib/thin/connection.rb:39:in `receive_data'
  eventmachine (1.0.3) lib/eventmachine.rb:187:in `run_machine'
  eventmachine (1.0.3) lib/eventmachine.rb:187:in `run'
  thin (1.5.1) lib/thin/backends/base.rb:63:in `start'
  thin (1.5.1) lib/thin/server.rb:159:in `start'
  rack (1.5.2) lib/rack/handler/thin.rb:16:in `run'
  rack (1.5.2) lib/rack/server.rb:264:in `start'
  railties (4.0.0) lib/rails/commands/server.rb:84:in `start'
  railties (4.0.0) lib/rails/commands.rb:78:in `block in <top (required)>'
  railties (4.0.0) lib/rails/commands.rb:73:in `tap'
  railties (4.0.0) lib/rails/commands.rb:73:in `<top (required)>'
  bin/rails:4:in `require'
  bin/rails:4:in `<main>'


  Rendered /Users/brandon/.rvm/gems/ruby-2.0.0-p247/gems/actionpack-4.0.0/lib/action_dispatch/middleware/templates/rescues/unknown_action.erb within rescues/layout (0.5ms)


Started GET "/users/new" for 127.0.0.1 at 2013-10-02 17:17:19 -0700

AbstractController::ActionNotFound (The action 'new' could not be found for UsersController):
  actionpack (4.0.0) lib/abstract_controller/base.rb:131:in `process'
  actionpack (4.0.0) lib/abstract_controller/rendering.rb:44:in `process'
  actionpack (4.0.0) lib/action_controller/metal.rb:195:in `dispatch'
  actionpack (4.0.0) lib/action_controller/metal/rack_delegation.rb:13:in `dispatch'
  actionpack (4.0.0) lib/action_controller/metal.rb:231:in `block in action'
  actionpack (4.0.0) lib/action_dispatch/routing/route_set.rb:80:in `call'
  actionpack (4.0.0) lib/action_dispatch/routing/route_set.rb:80:in `dispatch'
  actionpack (4.0.0) lib/action_dispatch/routing/route_set.rb:48:in `call'
  actionpack (4.0.0) lib/action_dispatch/journey/router.rb:71:in `block in call'
  actionpack (4.0.0) lib/action_dispatch/journey/router.rb:59:in `each'
  actionpack (4.0.0) lib/action_dispatch/journey/router.rb:59:in `call'
  actionpack (4.0.0) lib/action_dispatch/routing/route_set.rb:655:in `call'
  rack (1.5.2) lib/rack/etag.rb:23:in `call'
  rack (1.5.2) lib/rack/conditionalget.rb:25:in `call'
  rack (1.5.2) lib/rack/head.rb:11:in `call'
  actionpack (4.0.0) lib/action_dispatch/middleware/params_parser.rb:27:in `call'
  actionpack (4.0.0) lib/action_dispatch/middleware/flash.rb:241:in `call'
  rack (1.5.2) lib/rack/session/abstract/id.rb:225:in `context'
  rack (1.5.2) lib/rack/session/abstract/id.rb:220:in `call'
  actionpack (4.0.0) lib/action_dispatch/middleware/cookies.rb:486:in `call'
  activerecord (4.0.0) lib/active_record/query_cache.rb:36:in `call'
  activerecord (4.0.0) lib/active_record/connection_adapters/abstract/connection_pool.rb:626:in `call'
  activerecord (4.0.0) lib/active_record/migration.rb:369:in `call'
  actionpack (4.0.0) lib/action_dispatch/middleware/callbacks.rb:29:in `block in call'
  activesupport (4.0.0) lib/active_support/callbacks.rb:373:in `_run__3240195364612924679__call__callbacks'
  activesupport (4.0.0) lib/active_support/callbacks.rb:80:in `run_callbacks'
  actionpack (4.0.0) lib/action_dispatch/middleware/callbacks.rb:27:in `call'
  actionpack (4.0.0) lib/action_dispatch/middleware/reloader.rb:64:in `call'
  actionpack (4.0.0) lib/action_dispatch/middleware/remote_ip.rb:76:in `call'
  actionpack (4.0.0) lib/action_dispatch/middleware/debug_exceptions.rb:17:in `call'
  actionpack (4.0.0) lib/action_dispatch/middleware/show_exceptions.rb:30:in `call'
  railties (4.0.0) lib/rails/rack/logger.rb:38:in `call_app'
  railties (4.0.0) lib/rails/rack/logger.rb:21:in `block in call'
  activesupport (4.0.0) lib/active_support/tagged_logging.rb:67:in `block in tagged'
  activesupport (4.0.0) lib/active_support/tagged_logging.rb:25:in `tagged'
  activesupport (4.0.0) lib/active_support/tagged_logging.rb:67:in `tagged'
  railties (4.0.0) lib/rails/rack/logger.rb:21:in `call'
  actionpack (4.0.0) lib/action_dispatch/middleware/request_id.rb:21:in `call'
  rack (1.5.2) lib/rack/methodoverride.rb:21:in `call'
  rack (1.5.2) lib/rack/runtime.rb:17:in `call'
  activesupport (4.0.0) lib/active_support/cache/strategy/local_cache.rb:83:in `call'
  rack (1.5.2) lib/rack/lock.rb:17:in `call'
  actionpack (4.0.0) lib/action_dispatch/middleware/static.rb:64:in `call'
  railties (4.0.0) lib/rails/engine.rb:511:in `call'
  railties (4.0.0) lib/rails/application.rb:97:in `call'
  rack (1.5.2) lib/rack/content_length.rb:14:in `call'
  thin (1.5.1) lib/thin/connection.rb:81:in `block in pre_process'
  thin (1.5.1) lib/thin/connection.rb:79:in `catch'
  thin (1.5.1) lib/thin/connection.rb:79:in `pre_process'
  thin (1.5.1) lib/thin/connection.rb:54:in `process'
  thin (1.5.1) lib/thin/connection.rb:39:in `receive_data'
  eventmachine (1.0.3) lib/eventmachine.rb:187:in `run_machine'
  eventmachine (1.0.3) lib/eventmachine.rb:187:in `run'
  thin (1.5.1) lib/thin/backends/base.rb:63:in `start'
  thin (1.5.1) lib/thin/server.rb:159:in `start'
  rack (1.5.2) lib/rack/handler/thin.rb:16:in `run'
  rack (1.5.2) lib/rack/server.rb:264:in `start'
  railties (4.0.0) lib/rails/commands/server.rb:84:in `start'
  railties (4.0.0) lib/rails/commands.rb:78:in `block in <top (required)>'
  railties (4.0.0) lib/rails/commands.rb:73:in `tap'
  railties (4.0.0) lib/rails/commands.rb:73:in `<top (required)>'
  bin/rails:4:in `require'
  bin/rails:4:in `<main>'


  Rendered /Users/brandon/.rvm/gems/ruby-2.0.0-p247/gems/actionpack-4.0.0/lib/action_dispatch/middleware/templates/rescues/unknown_action.erb within rescues/layout (0.4ms)


Started GET "/users/new" for 127.0.0.1 at 2013-10-02 17:17:38 -0700
Processing by UsersController#new as HTML
Completed 500 Internal Server Error in 1ms

ActionView::MissingTemplate (Missing template users/new, application/new with {:locale=>[:en], :formats=>[:html], :handlers=>[:erb, :builder, :raw, :ruby, :jbuilder]}. Searched in:
  * "/Users/brandon/Desktop/topshelf/app/views"
):
  actionpack (4.0.0) lib/action_view/path_set.rb:46:in `find'
  actionpack (4.0.0) lib/action_view/lookup_context.rb:115:in `find'
  actionpack (4.0.0) lib/action_view/renderer/abstract_renderer.rb:18:in `find_template'
  actionpack (4.0.0) lib/action_view/renderer/template_renderer.rb:35:in `determine_template'
  actionpack (4.0.0) lib/action_view/renderer/template_renderer.rb:8:in `render'
  actionpack (4.0.0) lib/action_view/renderer/renderer.rb:42:in `render_template'
  actionpack (4.0.0) lib/action_view/renderer/renderer.rb:23:in `render'
  actionpack (4.0.0) lib/abstract_controller/rendering.rb:127:in `_render_template'
  actionpack (4.0.0) lib/action_controller/metal/streaming.rb:219:in `_render_template'
  actionpack (4.0.0) lib/abstract_controller/rendering.rb:120:in `render_to_body'
  actionpack (4.0.0) lib/action_controller/metal/rendering.rb:33:in `render_to_body'
  actionpack (4.0.0) lib/action_controller/metal/renderers.rb:26:in `render_to_body'
  actionpack (4.0.0) lib/abstract_controller/rendering.rb:97:in `render'
  actionpack (4.0.0) lib/action_controller/metal/rendering.rb:16:in `render'
  actionpack (4.0.0) lib/action_controller/metal/instrumentation.rb:41:in `block (2 levels) in render'
  activesupport (4.0.0) lib/active_support/core_ext/benchmark.rb:12:in `block in ms'
  /Users/brandon/.rvm/rubies/ruby-2.0.0-p247/lib/ruby/2.0.0/benchmark.rb:296:in `realtime'
  activesupport (4.0.0) lib/active_support/core_ext/benchmark.rb:12:in `ms'
  actionpack (4.0.0) lib/action_controller/metal/instrumentation.rb:41:in `block in render'
  actionpack (4.0.0) lib/action_controller/metal/instrumentation.rb:84:in `cleanup_view_runtime'
  activerecord (4.0.0) lib/active_record/railties/controller_runtime.rb:25:in `cleanup_view_runtime'
  actionpack (4.0.0) lib/action_controller/metal/instrumentation.rb:40:in `render'
  actionpack (4.0.0) lib/action_controller/metal/implicit_render.rb:10:in `default_render'
  actionpack (4.0.0) lib/action_controller/metal/implicit_render.rb:5:in `send_action'
  actionpack (4.0.0) lib/abstract_controller/base.rb:189:in `process_action'
  actionpack (4.0.0) lib/action_controller/metal/rendering.rb:10:in `process_action'
  actionpack (4.0.0) lib/abstract_controller/callbacks.rb:18:in `block in process_action'
  activesupport (4.0.0) lib/active_support/callbacks.rb:383:in `_run__1002689067683910593__process_action__callbacks'
  activesupport (4.0.0) lib/active_support/callbacks.rb:80:in `run_callbacks'
  actionpack (4.0.0) lib/abstract_controller/callbacks.rb:17:in `process_action'
  actionpack (4.0.0) lib/action_controller/metal/rescue.rb:29:in `process_action'
  actionpack (4.0.0) lib/action_controller/metal/instrumentation.rb:31:in `block in process_action'
  activesupport (4.0.0) lib/active_support/notifications.rb:159:in `block in instrument'
  activesupport (4.0.0) lib/active_support/notifications/instrumenter.rb:20:in `instrument'
  activesupport (4.0.0) lib/active_support/notifications.rb:159:in `instrument'
  actionpack (4.0.0) lib/action_controller/metal/instrumentation.rb:30:in `process_action'
  actionpack (4.0.0) lib/action_controller/metal/params_wrapper.rb:245:in `process_action'
  activerecord (4.0.0) lib/active_record/railties/controller_runtime.rb:18:in `process_action'
  actionpack (4.0.0) lib/abstract_controller/base.rb:136:in `process'
  actionpack (4.0.0) lib/abstract_controller/rendering.rb:44:in `process'
  actionpack (4.0.0) lib/action_controller/metal.rb:195:in `dispatch'
  actionpack (4.0.0) lib/action_controller/metal/rack_delegation.rb:13:in `dispatch'
  actionpack (4.0.0) lib/action_controller/metal.rb:231:in `block in action'
  actionpack (4.0.0) lib/action_dispatch/routing/route_set.rb:80:in `call'
  actionpack (4.0.0) lib/action_dispatch/routing/route_set.rb:80:in `dispatch'
  actionpack (4.0.0) lib/action_dispatch/routing/route_set.rb:48:in `call'
  actionpack (4.0.0) lib/action_dispatch/journey/router.rb:71:in `block in call'
  actionpack (4.0.0) lib/action_dispatch/journey/router.rb:59:in `each'
  actionpack (4.0.0) lib/action_dispatch/journey/router.rb:59:in `call'
  actionpack (4.0.0) lib/action_dispatch/routing/route_set.rb:655:in `call'
  rack (1.5.2) lib/rack/etag.rb:23:in `call'
  rack (1.5.2) lib/rack/conditionalget.rb:25:in `call'
  rack (1.5.2) lib/rack/head.rb:11:in `call'
  actionpack (4.0.0) lib/action_dispatch/middleware/params_parser.rb:27:in `call'
  actionpack (4.0.0) lib/action_dispatch/middleware/flash.rb:241:in `call'
  rack (1.5.2) lib/rack/session/abstract/id.rb:225:in `context'
  rack (1.5.2) lib/rack/session/abstract/id.rb:220:in `call'
  actionpack (4.0.0) lib/action_dispatch/middleware/cookies.rb:486:in `call'
  activerecord (4.0.0) lib/active_record/query_cache.rb:36:in `call'
  activerecord (4.0.0) lib/active_record/connection_adapters/abstract/connection_pool.rb:626:in `call'
  activerecord (4.0.0) lib/active_record/migration.rb:369:in `call'
  actionpack (4.0.0) lib/action_dispatch/middleware/callbacks.rb:29:in `block in call'
  activesupport (4.0.0) lib/active_support/callbacks.rb:373:in `_run__3240195364612924679__call__callbacks'
  activesupport (4.0.0) lib/active_support/callbacks.rb:80:in `run_callbacks'
  actionpack (4.0.0) lib/action_dispatch/middleware/callbacks.rb:27:in `call'
  actionpack (4.0.0) lib/action_dispatch/middleware/reloader.rb:64:in `call'
  actionpack (4.0.0) lib/action_dispatch/middleware/remote_ip.rb:76:in `call'
  actionpack (4.0.0) lib/action_dispatch/middleware/debug_exceptions.rb:17:in `call'
  actionpack (4.0.0) lib/action_dispatch/middleware/show_exceptions.rb:30:in `call'
  railties (4.0.0) lib/rails/rack/logger.rb:38:in `call_app'
  railties (4.0.0) lib/rails/rack/logger.rb:21:in `block in call'
  activesupport (4.0.0) lib/active_support/tagged_logging.rb:67:in `block in tagged'
  activesupport (4.0.0) lib/active_support/tagged_logging.rb:25:in `tagged'
  activesupport (4.0.0) lib/active_support/tagged_logging.rb:67:in `tagged'
  railties (4.0.0) lib/rails/rack/logger.rb:21:in `call'
  actionpack (4.0.0) lib/action_dispatch/middleware/request_id.rb:21:in `call'
  rack (1.5.2) lib/rack/methodoverride.rb:21:in `call'
  rack (1.5.2) lib/rack/runtime.rb:17:in `call'
  activesupport (4.0.0) lib/active_support/cache/strategy/local_cache.rb:83:in `call'
  rack (1.5.2) lib/rack/lock.rb:17:in `call'
  actionpack (4.0.0) lib/action_dispatch/middleware/static.rb:64:in `call'
  railties (4.0.0) lib/rails/engine.rb:511:in `call'
  railties (4.0.0) lib/rails/application.rb:97:in `call'
  rack (1.5.2) lib/rack/content_length.rb:14:in `call'
  thin (1.5.1) lib/thin/connection.rb:81:in `block in pre_process'
  thin (1.5.1) lib/thin/connection.rb:79:in `catch'
  thin (1.5.1) lib/thin/connection.rb:79:in `pre_process'
  thin (1.5.1) lib/thin/connection.rb:54:in `process'
  thin (1.5.1) lib/thin/connection.rb:39:in `receive_data'
  eventmachine (1.0.3) lib/eventmachine.rb:187:in `run_machine'
  eventmachine (1.0.3) lib/eventmachine.rb:187:in `run'
  thin (1.5.1) lib/thin/backends/base.rb:63:in `start'
  thin (1.5.1) lib/thin/server.rb:159:in `start'
  rack (1.5.2) lib/rack/handler/thin.rb:16:in `run'
  rack (1.5.2) lib/rack/server.rb:264:in `start'
  railties (4.0.0) lib/rails/commands/server.rb:84:in `start'
  railties (4.0.0) lib/rails/commands.rb:78:in `block in <top (required)>'
  railties (4.0.0) lib/rails/commands.rb:73:in `tap'
  railties (4.0.0) lib/rails/commands.rb:73:in `<top (required)>'
  bin/rails:4:in `require'
  bin/rails:4:in `<main>'


  Rendered /Users/brandon/.rvm/gems/ruby-2.0.0-p247/gems/actionpack-4.0.0/lib/action_dispatch/middleware/templates/rescues/missing_template.erb within rescues/layout (0.5ms)


Started GET "/users/new" for 127.0.0.1 at 2013-10-02 17:59:05 -0700
Processing by UsersController#new as HTML
  Rendered users/new.html.erb within layouts/application (0.4ms)
Completed 200 OK in 5ms (Views: 4.5ms | ActiveRecord: 0.0ms)


Started GET "/" for 127.0.0.1 at 2013-10-02 20:30:52 -0700

ActiveRecord::PendingMigrationError (Migrations are pending; run 'rake db:migrate RAILS_ENV=development' to resolve this issue.):
  activerecord (4.0.0) lib/active_record/migration.rb:379:in `check_pending!'
  activerecord (4.0.0) lib/active_record/migration.rb:366:in `call'
  actionpack (4.0.0) lib/action_dispatch/middleware/callbacks.rb:29:in `block in call'
  activesupport (4.0.0) lib/active_support/callbacks.rb:373:in `_run__3240195364612924679__call__callbacks'
  activesupport (4.0.0) lib/active_support/callbacks.rb:80:in `run_callbacks'
  actionpack (4.0.0) lib/action_dispatch/middleware/callbacks.rb:27:in `call'
  actionpack (4.0.0) lib/action_dispatch/middleware/reloader.rb:64:in `call'
  actionpack (4.0.0) lib/action_dispatch/middleware/remote_ip.rb:76:in `call'
  actionpack (4.0.0) lib/action_dispatch/middleware/debug_exceptions.rb:17:in `call'
  actionpack (4.0.0) lib/action_dispatch/middleware/show_exceptions.rb:30:in `call'
  railties (4.0.0) lib/rails/rack/logger.rb:38:in `call_app'
  railties (4.0.0) lib/rails/rack/logger.rb:21:in `block in call'
  activesupport (4.0.0) lib/active_support/tagged_logging.rb:67:in `block in tagged'
  activesupport (4.0.0) lib/active_support/tagged_logging.rb:25:in `tagged'
  activesupport (4.0.0) lib/active_support/tagged_logging.rb:67:in `tagged'
  railties (4.0.0) lib/rails/rack/logger.rb:21:in `call'
  actionpack (4.0.0) lib/action_dispatch/middleware/request_id.rb:21:in `call'
  rack (1.5.2) lib/rack/methodoverride.rb:21:in `call'
  rack (1.5.2) lib/rack/runtime.rb:17:in `call'
  activesupport (4.0.0) lib/active_support/cache/strategy/local_cache.rb:83:in `call'
  rack (1.5.2) lib/rack/lock.rb:17:in `call'
  actionpack (4.0.0) lib/action_dispatch/middleware/static.rb:64:in `call'
  railties (4.0.0) lib/rails/engine.rb:511:in `call'
  railties (4.0.0) lib/rails/application.rb:97:in `call'
  rack (1.5.2) lib/rack/content_length.rb:14:in `call'
  thin (1.5.1) lib/thin/connection.rb:81:in `block in pre_process'
  thin (1.5.1) lib/thin/connection.rb:79:in `catch'
  thin (1.5.1) lib/thin/connection.rb:79:in `pre_process'
  thin (1.5.1) lib/thin/connection.rb:54:in `process'
  thin (1.5.1) lib/thin/connection.rb:39:in `receive_data'
  eventmachine (1.0.3) lib/eventmachine.rb:187:in `run_machine'
  eventmachine (1.0.3) lib/eventmachine.rb:187:in `run'
  thin (1.5.1) lib/thin/backends/base.rb:63:in `start'
  thin (1.5.1) lib/thin/server.rb:159:in `start'
  rack (1.5.2) lib/rack/handler/thin.rb:16:in `run'
  rack (1.5.2) lib/rack/server.rb:264:in `start'
  railties (4.0.0) lib/rails/commands/server.rb:84:in `start'
  railties (4.0.0) lib/rails/commands.rb:78:in `block in <top (required)>'
  railties (4.0.0) lib/rails/commands.rb:73:in `tap'
  railties (4.0.0) lib/rails/commands.rb:73:in `<top (required)>'
  bin/rails:4:in `require'
  bin/rails:4:in `<main>'


  Rendered /Users/brandon/.rvm/gems/ruby-2.0.0-p247/gems/actionpack-4.0.0/lib/action_dispatch/middleware/templates/rescues/_source.erb (0.6ms)
  Rendered /Users/brandon/.rvm/gems/ruby-2.0.0-p247/gems/actionpack-4.0.0/lib/action_dispatch/middleware/templates/rescues/_trace.erb (1.1ms)
  Rendered /Users/brandon/.rvm/gems/ruby-2.0.0-p247/gems/actionpack-4.0.0/lib/action_dispatch/middleware/templates/rescues/_request_and_response.erb (1.0ms)
  Rendered /Users/brandon/.rvm/gems/ruby-2.0.0-p247/gems/actionpack-4.0.0/lib/action_dispatch/middleware/templates/rescues/diagnostics.erb within rescues/layout (18.1ms)


Started GET "/" for 127.0.0.1 at 2013-10-02 20:31:48 -0700

ActiveRecord::PendingMigrationError (Migrations are pending; run 'rake db:migrate RAILS_ENV=development' to resolve this issue.):
  activerecord (4.0.0) lib/active_record/migration.rb:379:in `check_pending!'
  activerecord (4.0.0) lib/active_record/migration.rb:366:in `call'
  actionpack (4.0.0) lib/action_dispatch/middleware/callbacks.rb:29:in `block in call'
  activesupport (4.0.0) lib/active_support/callbacks.rb:373:in `_run__3240195364612924679__call__callbacks'
  activesupport (4.0.0) lib/active_support/callbacks.rb:80:in `run_callbacks'
  actionpack (4.0.0) lib/action_dispatch/middleware/callbacks.rb:27:in `call'
  actionpack (4.0.0) lib/action_dispatch/middleware/reloader.rb:64:in `call'
  actionpack (4.0.0) lib/action_dispatch/middleware/remote_ip.rb:76:in `call'
  actionpack (4.0.0) lib/action_dispatch/middleware/debug_exceptions.rb:17:in `call'
  actionpack (4.0.0) lib/action_dispatch/middleware/show_exceptions.rb:30:in `call'
  railties (4.0.0) lib/rails/rack/logger.rb:38:in `call_app'
  railties (4.0.0) lib/rails/rack/logger.rb:21:in `block in call'
  activesupport (4.0.0) lib/active_support/tagged_logging.rb:67:in `block in tagged'
  activesupport (4.0.0) lib/active_support/tagged_logging.rb:25:in `tagged'
  activesupport (4.0.0) lib/active_support/tagged_logging.rb:67:in `tagged'
  railties (4.0.0) lib/rails/rack/logger.rb:21:in `call'
  actionpack (4.0.0) lib/action_dispatch/middleware/request_id.rb:21:in `call'
  rack (1.5.2) lib/rack/methodoverride.rb:21:in `call'
  rack (1.5.2) lib/rack/runtime.rb:17:in `call'
  activesupport (4.0.0) lib/active_support/cache/strategy/local_cache.rb:83:in `call'
  rack (1.5.2) lib/rack/lock.rb:17:in `call'
  actionpack (4.0.0) lib/action_dispatch/middleware/static.rb:64:in `call'
  railties (4.0.0) lib/rails/engine.rb:511:in `call'
  railties (4.0.0) lib/rails/application.rb:97:in `call'
  rack (1.5.2) lib/rack/content_length.rb:14:in `call'
  thin (1.5.1) lib/thin/connection.rb:81:in `block in pre_process'
  thin (1.5.1) lib/thin/connection.rb:79:in `catch'
  thin (1.5.1) lib/thin/connection.rb:79:in `pre_process'
  thin (1.5.1) lib/thin/connection.rb:54:in `process'
  thin (1.5.1) lib/thin/connection.rb:39:in `receive_data'
  eventmachine (1.0.3) lib/eventmachine.rb:187:in `run_machine'
  eventmachine (1.0.3) lib/eventmachine.rb:187:in `run'
  thin (1.5.1) lib/thin/backends/base.rb:63:in `start'
  thin (1.5.1) lib/thin/server.rb:159:in `start'
  rack (1.5.2) lib/rack/handler/thin.rb:16:in `run'
  rack (1.5.2) lib/rack/server.rb:264:in `start'
  railties (4.0.0) lib/rails/commands/server.rb:84:in `start'
  railties (4.0.0) lib/rails/commands.rb:78:in `block in <top (required)>'
  railties (4.0.0) lib/rails/commands.rb:73:in `tap'
  railties (4.0.0) lib/rails/commands.rb:73:in `<top (required)>'
  bin/rails:4:in `require'
  bin/rails:4:in `<main>'


  Rendered /Users/brandon/.rvm/gems/ruby-2.0.0-p247/gems/actionpack-4.0.0/lib/action_dispatch/middleware/templates/rescues/_source.erb (0.6ms)
  Rendered /Users/brandon/.rvm/gems/ruby-2.0.0-p247/gems/actionpack-4.0.0/lib/action_dispatch/middleware/templates/rescues/_trace.erb (2.1ms)
  Rendered /Users/brandon/.rvm/gems/ruby-2.0.0-p247/gems/actionpack-4.0.0/lib/action_dispatch/middleware/templates/rescues/_request_and_response.erb (1.1ms)
  Rendered /Users/brandon/.rvm/gems/ruby-2.0.0-p247/gems/actionpack-4.0.0/lib/action_dispatch/middleware/templates/rescues/diagnostics.erb within rescues/layout (17.9ms)
  [1m[36m (16.8ms)[0m  [1mCREATE TABLE "schema_migrations" ("version" character varying(255) NOT NULL) [0m
  [1m[35m (3.1ms)[0m  CREATE UNIQUE INDEX "unique_schema_migrations" ON "schema_migrations" ("version")
  [1m[36mActiveRecord::SchemaMigration Load (0.5ms)[0m  [1mSELECT "schema_migrations".* FROM "schema_migrations"[0m
Migrating to CreateUsers (20131003005956)
  [1m[35m (0.3ms)[0m  BEGIN
  [1m[36m (11.1ms)[0m  [1mCREATE TABLE "users" ("id" serial primary key, "first_name" character varying(255), "last_name" character varying(255), "email_address" character varying(255), "password_digest" character varying(255), "auth_token" character varying(255), "password_reset_token" character varying(255), "date_of_birth" character varying(255), "mobile_number" character varying(255), "address" character varying(255), "address2" character varying(255), "zipcode" character varying(255), "country" character varying(255), "state" character varying(255), "city" character varying(255), "created_at" timestamp, "updated_at" timestamp) [0m
  [1m[35mSQL (1.5ms)[0m  INSERT INTO "schema_migrations" ("version") VALUES ($1)  [["version", "20131003005956"]]
  [1m[36m (0.7ms)[0m  [1mCOMMIT[0m
  [1m[35mActiveRecord::SchemaMigration Load (0.5ms)[0m  SELECT "schema_migrations".* FROM "schema_migrations"


Started GET "/" for 127.0.0.1 at 2013-10-02 20:35:08 -0700
  [1m[36mActiveRecord::SchemaMigration Load (0.5ms)[0m  [1mSELECT "schema_migrations".* FROM "schema_migrations"[0m
Processing by WelcomeController#index as HTML
  Rendered welcome/index.html.erb within layouts/application (0.1ms)
Completed 200 OK in 4ms (Views: 3.4ms | ActiveRecord: 0.0ms)


Started GET "/" for 127.0.0.1 at 2013-10-02 20:40:19 -0700
Processing by WelcomeController#index as HTML
  Rendered welcome/index.html.erb within layouts/application (0.0ms)
Completed 200 OK in 2ms (Views: 2.1ms | ActiveRecord: 0.0ms)


Started GET "/" for 127.0.0.1 at 2013-10-02 20:51:40 -0700
Processing by WelcomeController#index as HTML
  Rendered welcome/index.html.erb within layouts/application (0.0ms)
Completed 200 OK in 2ms (Views: 2.1ms | ActiveRecord: 0.0ms)


Started GET "/" for 127.0.0.1 at 2013-10-02 20:52:10 -0700
  [1m[36mActiveRecord::SchemaMigration Load (0.5ms)[0m  [1mSELECT "schema_migrations".* FROM "schema_migrations"[0m
Processing by WelcomeController#index as HTML
  Rendered welcome/index.html.erb within layouts/application (1.6ms)
Completed 200 OK in 54ms (Views: 53.6ms | ActiveRecord: 0.0ms)


Started GET "/" for 127.0.0.1 at 2013-10-02 20:52:14 -0700
Processing by WelcomeController#index as HTML
  Rendered welcome/index.html.erb within layouts/application (0.1ms)
Completed 200 OK in 4ms (Views: 3.4ms | ActiveRecord: 0.0ms)


Started GET "/" for 127.0.0.1 at 2013-10-02 21:08:24 -0700
Processing by WelcomeController#index as HTML
  Rendered welcome/index.html.erb within layouts/application (0.0ms)
Completed 200 OK in 3ms (Views: 2.5ms | ActiveRecord: 0.0ms)


Started GET "/" for 127.0.0.1 at 2013-10-02 22:17:54 -0700
  [1m[36mActiveRecord::SchemaMigration Load (0.4ms)[0m  [1mSELECT "schema_migrations".* FROM "schema_migrations"[0m
Processing by WelcomeController#index as HTML
  Rendered welcome/index.html.erb within layouts/application (1.6ms)
Completed 200 OK in 58ms (Views: 57.3ms | ActiveRecord: 0.0ms)


Started GET "/" for 127.0.0.1 at 2013-10-02 22:23:05 -0700
Processing by WelcomeController#index as HTML
  Rendered welcome/index.html.erb within layouts/application (0.1ms)
Completed 200 OK in 2ms (Views: 2.3ms | ActiveRecord: 0.0ms)


Started GET "/" for 127.0.0.1 at 2013-10-10 11:55:43 -0700
  [1m[36mActiveRecord::SchemaMigration Load (2.3ms)[0m  [1mSELECT "schema_migrations".* FROM "schema_migrations"[0m
Processing by WelcomeController#index as HTML
  Rendered welcome/index.html.erb within layouts/application (1.6ms)
Completed 200 OK in 60ms (Views: 59.4ms | ActiveRecord: 0.0ms)
